<?xml version="1.0" encoding="UTF-8"?>
<!-- Generated by org.testng.reporters.JUnitReportReporter -->
<testsuite hostname="Bankim" failures="0" tests="1" name="com.ny.getmethod.Get_Method" time="1.627" errors="0" timestamp="25 Nov 2022 15:16:18 GMT" skipped="0">
  <testcase classname="com.ny.getmethod.Get_Method" name="getMethod" time="1.627"/>
</testsuite> <!-- com.ny.getmethod.Get_Method -->
