<?xml version="1.0" encoding="UTF-8"?>
<!-- Generated by org.testng.reporters.JUnitReportReporter -->
<testsuite hostname="Bankim" failures="0" tests="1" name="com.ny.getemployeeinfo.Get_Method" time="1.539" errors="0" timestamp="10 Jan 2024 03:34:14 GMT" skipped="0">
  <testcase classname="com.ny.getemployeeinfo.Get_Method" name="getMethod" time="1.539"/>
</testsuite> <!-- com.ny.getemployeeinfo.Get_Method -->
