<?xml version="1.0" encoding="UTF-8"?>
<!-- Generated by org.testng.reporters.JUnitReportReporter -->
<testsuite hostname="Bankim" failures="0" tests="1" name="com.ny.getemployeeinfo.Post_Method" time="1.428" errors="0" timestamp="11 May 2023 20:21:27 GMT" skipped="0">
  <testcase classname="com.ny.getemployeeinfo.Post_Method" name="getPost" time="1.428"/>
</testsuite> <!-- com.ny.getemployeeinfo.Post_Method -->
