<?xml version="1.0" encoding="UTF-8"?>
<!-- Generated by org.testng.reporters.JUnitReportReporter -->
<testsuite hostname="Bankim" failures="0" tests="1" name="com.ny.getmethod.Post_Method" time="1.727" errors="0" timestamp="08 Mar 2023 01:58:18 GMT" skipped="0">
  <testcase classname="com.ny.getmethod.Post_Method" name="getPost" time="1.727"/>
</testsuite> <!-- com.ny.getmethod.Post_Method -->
